<?xml version="1.0" encoding="UTF-8"?>
<!-- Generated by org.testng.reporters.JUnitXMLReporter -->
<testsuite ignored="0" hostname="DESKTOP-PUVS58N" failures="0" tests="8" name="Surefire test" time="107.442" errors="0" timestamp="2024-09-14T10:59:45 IST">
  <testcase classname="io.cucumber.testng.AbstractTestNGCucumberTests" name="runScenario" time="11.614"/>
  <testcase classname="io.cucumber.testng.AbstractTestNGCucumberTests" name="runScenario" time="13.055"/>
  <testcase classname="io.cucumber.testng.AbstractTestNGCucumberTests" name="runScenario" time="16.733"/>
  <testcase classname="kowsalyaLearning.tests.ErrorValidationsTest" name="LoginErrorValidations" time="1.531"/>
  <testcase classname="kowsalyaLearning.tests.ErrorValidationsTest" name="ProductErrorValidations" time="10.361"/>
  <testcase classname="kowsalyaLearning.tests.SubmitOrderTest" name="submitOrder" time="6.441"/>
  <testcase classname="kowsalyaLearning.tests.SubmitOrderTest" name="submitOrder" time="6.177"/>
  <testcase classname="kowsalyaLearning.tests.SubmitOrderTest" name="orderHistoryTest" time="1.701"/>
</testsuite> <!-- Surefire test -->
