<?xml version="1.0" encoding="UTF-8"?>
<!-- Generated by org.testng.reporters.JUnitXMLReporter -->
<testsuite ignored="0" hostname="DESKTOP-PUVS58N" failures="0" tests="2" name="Default test" time="16.494" errors="0" timestamp="2024-09-14T10:53:20 IST">
  <testcase classname="kowsalyaLearning.tests.ErrorValidationsTest" name="LoginErrorValidations" time="1.012"/>
  <testcase classname="kowsalyaLearning.tests.ErrorValidationsTest" name="ProductErrorValidations" time="3.206"/>
</testsuite> <!-- Default test -->
