<?xml version="1.0" encoding="UTF-8"?>
<!-- Generated by org.testng.reporters.JUnitXMLReporter -->
<testsuite ignored="0" hostname="DESKTOP-PUVS58N" failures="0" tests="2" name="Error Validations Test" time="32.758" errors="0" timestamp="2024-09-13T15:03:41 IST">
  <testcase classname="kowsalyaLearning.tests.ErrorValidationsTest" name="LoginErrorValidations" time="1.374"/>
  <testcase classname="kowsalyaLearning.tests.ErrorValidationsTest" name="ProductErrorValidations" time="3.635"/>
</testsuite> <!-- Error Validations Test -->
