<?xml version="1.0" encoding="UTF-8"?>
<!-- Generated by org.testng.reporters.JUnitXMLReporter -->
<testsuite ignored="0" hostname="DESKTOP-PUVS58N" failures="0" tests="3" name="Submit Order Test" time="41.693" errors="0" timestamp="2024-09-13T15:03:50 IST">
  <testcase classname="kowsalyaLearning.tests.SubmitOrderTest" name="submitOrder" time="5.854"/>
  <testcase classname="kowsalyaLearning.tests.SubmitOrderTest" name="submitOrder" time="5.06"/>
  <testcase classname="kowsalyaLearning.tests.SubmitOrderTest" name="orderHistoryTest" time="1.162"/>
</testsuite> <!-- Submit Order Test -->
