<?xml version="1.0" encoding="UTF-8"?>
<!-- Generated by org.testng.reporters.JUnitXMLReporter -->
<testsuite ignored="2" hostname="DESKTOP-PUVS58N" failures="0" tests="0" time="0.024" errors="0" timestamp="2024-08-27T12:17:35 IST">
  <testcase classname="kowsalyaLearning.tests.ErrorValidationsTest" name="LoginErrorValidations" time="0.0">
    <ignored/>
  </testcase> <!-- LoginErrorValidations -->
  <testcase classname="kowsalyaLearning.tests.ErrorValidationsTest" name="ProductErrorValidations" time="0.0">
    <ignored/>
  </testcase> <!-- ProductErrorValidations -->
</testsuite>
