<?xml version="1.0" encoding="UTF-8"?>
<!-- Generated by org.testng.reporters.JUnitXMLReporter -->
<testsuite ignored="1" hostname="DESKTOP-PUVS58N" failures="0" tests="2" name="Submit Order Test" time="33.017" errors="0" timestamp="2024-08-27T12:18:08 IST">
  <testcase classname="kowsalyaLearning.tests.SubmitOrderTest" name="submitOrder" time="6.51"/>
  <testcase classname="kowsalyaLearning.tests.SubmitOrderTest" name="submitOrder" time="3.779"/>
  <testcase classname="kowsalyaLearning.tests.SubmitOrderTest" name="orderHistoryTest" time="0.0">
    <ignored/>
  </testcase> <!-- orderHistoryTest -->
</testsuite> <!-- Submit Order Test -->
