<?xml version="1.0" encoding="UTF-8"?>
<testng-results ignored="0" total="8" passed="8" failed="0" skipped="0">
  <reporter-output>
  </reporter-output>
  <suite started-at="2024-09-14T10:57:58 IST" name="Surefire suite" finished-at="2024-09-14T10:59:45 IST" duration-ms="107442">
    <groups>
      <group name="ErrorHandling">
        <method signature="ErrorValidationsTest.LoginErrorValidations()[pri:0, instance:kowsalyaLearning.tests.ErrorValidationsTest@188715b5]" name="LoginErrorValidations" class="kowsalyaLearning.tests.ErrorValidationsTest"/>
      </group> <!-- ErrorHandling -->
      <group name="Purchase">
        <method signature="SubmitOrderTest.submitOrder(java.util.HashMap)[pri:0, instance:kowsalyaLearning.tests.SubmitOrderTest@5119fb47]" name="submitOrder" class="kowsalyaLearning.tests.SubmitOrderTest"/>
      </group> <!-- Purchase -->
      <group name="cucumber">
        <method signature="AbstractTestNGCucumberTests.runScenario(io.cucumber.testng.PickleWrapper,io.cucumber.testng.FeatureWrapper)[pri:0, instance:cucumber.TestNGRunnner@35ef1869]" name="runScenario" class="io.cucumber.testng.AbstractTestNGCucumberTests"/>
      </group> <!-- cucumber -->
    </groups>
    <test started-at="2024-09-14T10:57:58 IST" name="Surefire test" finished-at="2024-09-14T10:59:45 IST" duration-ms="107442">
      <class name="cucumber.TestNGRunnner">
        <test-method is-config="true" signature="setUpClass(org.testng.ITestContext)[pri:0, instance:cucumber.TestNGRunnner@35ef1869]" started-at="2024-09-14T10:57:58 IST" name="setUpClass" finished-at="2024-09-14T10:58:00 IST" duration-ms="1670" status="PASS">
          <params>
            <param index="0">
              <value>
                <![CDATA[org.testng.TestRunner@2094bf3d]]>
              </value>
            </param>
          </params>
          <reporter-output>
          </reporter-output>
        </test-method> <!-- setUpClass -->
        <test-method signature="runScenario(io.cucumber.testng.PickleWrapper,io.cucumber.testng.FeatureWrapper)[pri:0, instance:cucumber.TestNGRunnner@35ef1869]" started-at="2024-09-14T10:58:00 IST" name="runScenario" description="Runs Cucumber Scenarios" data-provider="scenarios" finished-at="2024-09-14T10:58:11 IST" duration-ms="11614" status="PASS">
          <params>
            <param index="0">
              <value>
                <![CDATA["Negative test of submitting order"]]>
              </value>
            </param>
            <param index="1">
              <value>
                <![CDATA["Purchase the order from ecommerce website"]]>
              </value>
            </param>
          </params>
          <reporter-output>
          </reporter-output>
        </test-method> <!-- runScenario -->
        <test-method signature="runScenario(io.cucumber.testng.PickleWrapper,io.cucumber.testng.FeatureWrapper)[pri:0, instance:cucumber.TestNGRunnner@35ef1869]" started-at="2024-09-14T10:58:11 IST" name="runScenario" description="Runs Cucumber Scenarios" data-provider="scenarios" finished-at="2024-09-14T10:58:24 IST" duration-ms="13055" status="PASS">
          <params>
            <param index="0">
              <value>
                <![CDATA["Positive test of submitting order"]]>
              </value>
            </param>
            <param index="1">
              <value>
                <![CDATA["Purchase the order from ecommerce website"]]>
              </value>
            </param>
          </params>
          <reporter-output>
          </reporter-output>
        </test-method> <!-- runScenario -->
        <test-method signature="runScenario(io.cucumber.testng.PickleWrapper,io.cucumber.testng.FeatureWrapper)[pri:0, instance:cucumber.TestNGRunnner@35ef1869]" started-at="2024-09-14T10:58:24 IST" name="runScenario" description="Runs Cucumber Scenarios" data-provider="scenarios" finished-at="2024-09-14T10:58:41 IST" duration-ms="16733" status="PASS">
          <params>
            <param index="0">
              <value>
                <![CDATA["Positive test of submitting order"]]>
              </value>
            </param>
            <param index="1">
              <value>
                <![CDATA["Purchase the order from ecommerce website"]]>
              </value>
            </param>
          </params>
          <reporter-output>
          </reporter-output>
        </test-method> <!-- runScenario -->
        <test-method is-config="true" signature="tearDownClass()[pri:0, instance:cucumber.TestNGRunnner@35ef1869]" started-at="2024-09-14T10:58:41 IST" name="tearDownClass" finished-at="2024-09-14T10:58:41 IST" duration-ms="164" status="PASS">
          <reporter-output>
          </reporter-output>
        </test-method> <!-- tearDownClass -->
      </class> <!-- cucumber.TestNGRunnner -->
      <class name="kowsalyaLearning.tests.SubmitOrderTest">
        <test-method is-config="true" signature="launchApplication()[pri:0, instance:kowsalyaLearning.tests.SubmitOrderTest@5119fb47]" started-at="2024-09-14T10:59:12 IST" name="launchApplication" finished-at="2024-09-14T10:59:19 IST" duration-ms="6864" status="PASS">
          <reporter-output>
          </reporter-output>
        </test-method> <!-- launchApplication -->
        <test-method signature="submitOrder(java.util.HashMap)[pri:0, instance:kowsalyaLearning.tests.SubmitOrderTest@5119fb47]" started-at="2024-09-14T10:59:19 IST" name="submitOrder" data-provider="getData" finished-at="2024-09-14T10:59:25 IST" duration-ms="6441" status="PASS">
          <params>
            <param index="0">
              <value>
                <![CDATA[{password=Preethi2000, email=preethiselaval@gmail.com, productName=ZARA COAT 3}]]>
              </value>
            </param>
          </params>
          <reporter-output>
          </reporter-output>
        </test-method> <!-- submitOrder -->
        <test-method is-config="true" signature="tearDown()[pri:0, instance:kowsalyaLearning.tests.SubmitOrderTest@5119fb47]" started-at="2024-09-14T10:59:25 IST" name="tearDown" finished-at="2024-09-14T10:59:25 IST" duration-ms="416" status="PASS">
          <reporter-output>
          </reporter-output>
        </test-method> <!-- tearDown -->
        <test-method is-config="true" signature="launchApplication()[pri:0, instance:kowsalyaLearning.tests.SubmitOrderTest@5119fb47]" started-at="2024-09-14T10:59:25 IST" name="launchApplication" finished-at="2024-09-14T10:59:33 IST" duration-ms="7248" status="PASS">
          <reporter-output>
          </reporter-output>
        </test-method> <!-- launchApplication -->
        <test-method signature="submitOrder(java.util.HashMap)[pri:0, instance:kowsalyaLearning.tests.SubmitOrderTest@5119fb47]" started-at="2024-09-14T10:59:33 IST" name="submitOrder" data-provider="getData" finished-at="2024-09-14T10:59:39 IST" duration-ms="6177" status="PASS">
          <params>
            <param index="0">
              <value>
                <![CDATA[{password=Deepa2001, email=deepas@gmail.com, productName=IPHONE 13 PRO}]]>
              </value>
            </param>
          </params>
          <reporter-output>
          </reporter-output>
        </test-method> <!-- submitOrder -->
        <test-method is-config="true" signature="tearDown()[pri:0, instance:kowsalyaLearning.tests.SubmitOrderTest@5119fb47]" started-at="2024-09-14T10:59:39 IST" name="tearDown" finished-at="2024-09-14T10:59:39 IST" duration-ms="512" status="PASS">
          <reporter-output>
          </reporter-output>
        </test-method> <!-- tearDown -->
        <test-method is-config="true" signature="launchApplication()[pri:0, instance:kowsalyaLearning.tests.SubmitOrderTest@5119fb47]" started-at="2024-09-14T10:59:39 IST" name="launchApplication" finished-at="2024-09-14T10:59:43 IST" duration-ms="4048" status="PASS">
          <reporter-output>
          </reporter-output>
        </test-method> <!-- launchApplication -->
        <test-method signature="orderHistoryTest()[pri:0, instance:kowsalyaLearning.tests.SubmitOrderTest@5119fb47]" started-at="2024-09-14T10:59:43 IST" name="orderHistoryTest" finished-at="2024-09-14T10:59:45 IST" depends-on-methods="kowsalyaLearning.tests.SubmitOrderTest.submitOrder" duration-ms="1701" status="PASS">
          <reporter-output>
          </reporter-output>
        </test-method> <!-- orderHistoryTest -->
        <test-method is-config="true" signature="tearDown()[pri:0, instance:kowsalyaLearning.tests.SubmitOrderTest@5119fb47]" started-at="2024-09-14T10:59:45 IST" name="tearDown" finished-at="2024-09-14T10:59:45 IST" duration-ms="326" status="PASS">
          <reporter-output>
          </reporter-output>
        </test-method> <!-- tearDown -->
      </class> <!-- kowsalyaLearning.tests.SubmitOrderTest -->
      <class name="kowsalyaLearning.tests.ErrorValidationsTest">
        <test-method is-config="true" signature="launchApplication()[pri:0, instance:kowsalyaLearning.tests.ErrorValidationsTest@188715b5]" started-at="2024-09-14T10:58:41 IST" name="launchApplication" finished-at="2024-09-14T10:58:49 IST" duration-ms="7613" status="PASS">
          <reporter-output>
          </reporter-output>
        </test-method> <!-- launchApplication -->
        <test-method signature="LoginErrorValidations()[pri:0, instance:kowsalyaLearning.tests.ErrorValidationsTest@188715b5]" started-at="2024-09-14T10:58:49 IST" name="LoginErrorValidations" finished-at="2024-09-14T10:58:50 IST" duration-ms="1531" status="PASS">
          <reporter-output>
          </reporter-output>
        </test-method> <!-- LoginErrorValidations -->
        <test-method is-config="true" signature="tearDown()[pri:0, instance:kowsalyaLearning.tests.ErrorValidationsTest@188715b5]" started-at="2024-09-14T10:58:50 IST" name="tearDown" finished-at="2024-09-14T10:58:53 IST" duration-ms="2695" status="PASS">
          <reporter-output>
          </reporter-output>
        </test-method> <!-- tearDown -->
        <test-method is-config="true" signature="launchApplication()[pri:0, instance:kowsalyaLearning.tests.ErrorValidationsTest@188715b5]" started-at="2024-09-14T10:58:53 IST" name="launchApplication" finished-at="2024-09-14T10:58:59 IST" duration-ms="5949" status="PASS">
          <reporter-output>
          </reporter-output>
        </test-method> <!-- launchApplication -->
        <test-method signature="ProductErrorValidations()[pri:0, instance:kowsalyaLearning.tests.ErrorValidationsTest@188715b5]" started-at="2024-09-14T10:58:59 IST" name="ProductErrorValidations" finished-at="2024-09-14T10:59:09 IST" duration-ms="10361" status="PASS">
          <reporter-output>
          </reporter-output>
        </test-method> <!-- ProductErrorValidations -->
        <test-method is-config="true" signature="tearDown()[pri:0, instance:kowsalyaLearning.tests.ErrorValidationsTest@188715b5]" started-at="2024-09-14T10:59:09 IST" name="tearDown" finished-at="2024-09-14T10:59:10 IST" duration-ms="715" status="PASS">
          <reporter-output>
          </reporter-output>
        </test-method> <!-- tearDown -->
      </class> <!-- kowsalyaLearning.tests.ErrorValidationsTest -->
    </test> <!-- Surefire test -->
  </suite> <!-- Surefire suite -->
</testng-results>
